0 info it worked if it ends with ok
1 verbose cli [ '/Users/hoangnguyen/Development/node-v0.10.5-darwin-x64/bin/node',
1 verbose cli   '/Users/hoangnguyen/Development/node-v0.10.5-darwin-x64/bin/npm',
1 verbose cli   'install',
1 verbose cli   'socket.io' ]
2 info using npm@1.2.18
3 info using node@v0.10.5
4 verbose read json /Users/hoangnguyen/Development/node-v0.10.5-darwin-x64/node_modules/socketio_example/simple_chat/package.json
5 warn package.json simple_chat@0.0.1 No README.md file found!
6 verbose from cache /Users/hoangnguyen/Development/node-v0.10.5-darwin-x64/node_modules/socketio_example/simple_chat/package.json
7 verbose readDependencies using package.json deps
8 verbose cache add [ 'socket.io@1.0', null ]
9 verbose cache add name=undefined spec="socket.io@1.0" args=["socket.io@1.0",null]
10 verbose parsed url { protocol: null,
10 verbose parsed url   slashes: null,
10 verbose parsed url   auth: null,
10 verbose parsed url   host: null,
10 verbose parsed url   port: null,
10 verbose parsed url   hostname: null,
10 verbose parsed url   hash: null,
10 verbose parsed url   search: null,
10 verbose parsed url   query: null,
10 verbose parsed url   pathname: 'socket.io@1.0',
10 verbose parsed url   path: 'socket.io@1.0',
10 verbose parsed url   href: 'socket.io@1.0' }
11 verbose cache add name="socket.io" spec="1.0" args=["socket.io","1.0"]
12 verbose parsed url { protocol: null,
12 verbose parsed url   slashes: null,
12 verbose parsed url   auth: null,
12 verbose parsed url   host: null,
12 verbose parsed url   port: null,
12 verbose parsed url   hostname: null,
12 verbose parsed url   hash: null,
12 verbose parsed url   search: null,
12 verbose parsed url   query: null,
12 verbose parsed url   pathname: '1.0',
12 verbose parsed url   path: '1.0',
12 verbose parsed url   href: '1.0' }
13 verbose addNamed [ 'socket.io', '1.0' ]
14 verbose addNamed [ null, '>=1.0.0- <1.1.0-' ]
15 silly lockFile 42957f52-socket-io-1-0 socket.io@1.0
16 verbose lock socket.io@1.0 /Users/hoangnguyen/.npm/42957f52-socket-io-1-0.lock
17 silly addNameRange { name: 'socket.io', range: '>=1.0.0- <1.1.0-', hasData: false }
18 verbose url raw socket.io
19 verbose url resolving [ 'https://registry.npmjs.org/', './socket.io' ]
20 verbose url resolved https://registry.npmjs.org/socket.io
21 info trying registry request attempt 1 at 18:11:30
22 verbose etag "B1EJT7PU69P9DN8CJKAYP1JQK"
23 http GET https://registry.npmjs.org/socket.io
24 http 304 https://registry.npmjs.org/socket.io
25 silly registry.get cb [ 304,
25 silly registry.get   { server: 'CouchDB/1.3.0 (Erlang OTP/R15B03)',
25 silly registry.get     etag: '"B1EJT7PU69P9DN8CJKAYP1JQK"',
25 silly registry.get     date: 'Tue, 14 May 2013 08:11:35 GMT',
25 silly registry.get     'content-length': '0' } ]
26 verbose etag socket.io from cache
27 silly addNameRange number 2 { name: 'socket.io', range: '>=1.0.0- <1.1.0-', hasData: true }
28 silly addNameRange versions [ 'socket.io',
28 silly addNameRange   [ '0.3.8',
28 silly addNameRange     '0.4.0',
28 silly addNameRange     '0.4.1',
28 silly addNameRange     '0.5.1',
28 silly addNameRange     '0.5.3',
28 silly addNameRange     '0.6.0',
28 silly addNameRange     '0.6.1',
28 silly addNameRange     '0.6.3',
28 silly addNameRange     '0.6.4',
28 silly addNameRange     '0.6.5',
28 silly addNameRange     '0.6.6',
28 silly addNameRange     '0.6.7',
28 silly addNameRange     '0.6.8',
28 silly addNameRange     '0.6.9',
28 silly addNameRange     '0.6.10',
28 silly addNameRange     '0.6.11',
28 silly addNameRange     '0.6.12',
28 silly addNameRange     '0.6.14',
28 silly addNameRange     '0.6.15',
28 silly addNameRange     '0.6.16',
28 silly addNameRange     '0.6.17',
28 silly addNameRange     '0.6.18',
28 silly addNameRange     '0.7.0',
28 silly addNameRange     '0.7.1',
28 silly addNameRange     '0.7.2',
28 silly addNameRange     '0.7.3',
28 silly addNameRange     '0.7.4',
28 silly addNameRange     '0.7.5',
28 silly addNameRange     '0.7.6',
28 silly addNameRange     '0.7.7',
28 silly addNameRange     '0.7.8',
28 silly addNameRange     '0.7.9',
28 silly addNameRange     '0.7.10',
28 silly addNameRange     '0.7.11',
28 silly addNameRange     '0.8.0',
28 silly addNameRange     '0.8.1',
28 silly addNameRange     '0.8.2',
28 silly addNameRange     '0.8.3',
28 silly addNameRange     '0.8.4',
28 silly addNameRange     '0.8.5',
28 silly addNameRange     '0.8.6',
28 silly addNameRange     '0.8.7',
28 silly addNameRange     '0.9.0',
28 silly addNameRange     '0.9.1',
28 silly addNameRange     '0.9.1-1',
28 silly addNameRange     '0.9.2',
28 silly addNameRange     '0.9.3',
28 silly addNameRange     '0.9.4',
28 silly addNameRange     '0.9.5',
28 silly addNameRange     '0.9.6',
28 silly addNameRange     '0.9.7',
28 silly addNameRange     '0.9.8',
28 silly addNameRange     '0.9.9',
28 silly addNameRange     '0.9.10',
28 silly addNameRange     '0.9.11',
28 silly addNameRange     '0.9.12',
28 silly addNameRange     '0.9.13',
28 silly addNameRange     '0.9.14' ] ]
29 silly lockFile 42957f52-socket-io-1-0 socket.io@1.0
30 silly lockFile 42957f52-socket-io-1-0 socket.io@1.0
31 error Error: No compatible version found: socket.io@'>=1.0.0- <1.1.0-'
31 error Valid install targets:
31 error ["0.3.8","0.4.0","0.4.1","0.5.1","0.5.3","0.6.0","0.6.1","0.6.3","0.6.4","0.6.5","0.6.6","0.6.7","0.6.8","0.6.9","0.6.10","0.6.11","0.6.12","0.6.14","0.6.15","0.6.16","0.6.17","0.6.18","0.7.0","0.7.1","0.7.2","0.7.3","0.7.4","0.7.5","0.7.6","0.7.7","0.7.8","0.7.9","0.7.10","0.7.11","0.8.0","0.8.1","0.8.2","0.8.3","0.8.4","0.8.5","0.8.6","0.8.7","0.9.0","0.9.1","0.9.1-1","0.9.2","0.9.3","0.9.4","0.9.5","0.9.6","0.9.7","0.9.8","0.9.9","0.9.10","0.9.11","0.9.12","0.9.13","0.9.14"]
31 error     at installTargetsError (/Users/hoangnguyen/Development/node-v0.10.5-darwin-x64/lib/node_modules/npm/lib/cache.js:685:10)
31 error     at next (/Users/hoangnguyen/Development/node-v0.10.5-darwin-x64/lib/node_modules/npm/lib/cache.js:664:17)
31 error     at /Users/hoangnguyen/Development/node-v0.10.5-darwin-x64/lib/node_modules/npm/lib/cache.js:644:5
31 error     at saved (/Users/hoangnguyen/Development/node-v0.10.5-darwin-x64/lib/node_modules/npm/node_modules/npm-registry-client/lib/get.js:138:7)
31 error     at Object.oncomplete (fs.js:107:15)
32 error If you need help, you may report this log at:
32 error     <http://github.com/isaacs/npm/issues>
32 error or email it to:
32 error     <npm-@googlegroups.com>
33 error System Darwin 11.4.2
34 error command "/Users/hoangnguyen/Development/node-v0.10.5-darwin-x64/bin/node" "/Users/hoangnguyen/Development/node-v0.10.5-darwin-x64/bin/npm" "install" "socket.io"
35 error cwd /Users/hoangnguyen/Development/node-v0.10.5-darwin-x64/node_modules/socketio_example/simple_chat
36 error node -v v0.10.5
37 error npm -v 1.2.18
38 verbose exit [ 1, true ]
